<?xml version="1.0" encoding="UTF-8"?>
<testsuite errors="0" failures="0" name="SampleAppiumTest-20180401201510" skipped="0" tests="3" time="39.980" timestamp="2018-04-01T20:16:42">
	<testcase classname="SampleAppiumTest" name="test01_check_security_room_loaded" time="4.812" timestamp="2018-04-01T20:16:06"/>
	<testcase classname="SampleAppiumTest" name="test02_check_interaction_in_security_room" time="20.894" timestamp="2018-04-01T20:16:27"/>
	<testcase classname="SampleAppiumTest" name="test03_check_market_loaded" time="14.274" timestamp="2018-04-01T20:16:42"/>
	<system-out>
<![CDATA[Waiting for scene to be SecurityRoom...
Current scene is SecurityRoom
Waiting for element Player...
Element Player found at x:149 y:237 mobileY:483
Element GuardInteractable found at x:769 y:436 mobileY:284
Waiting for element MessageCanvas to have text Get lost!
Waiting for element MessageCanvas...
Element MessageCanvas found at x:640 y:360 mobileY:360
Waiting for element MessageCanvas to have text Get lost!
Waiting for element MessageCanvas...
Element MessageCanvas found at x:640 y:360 mobileY:360
Waiting for element MessageCanvas to have text Get lost!
Waiting for element MessageCanvas...
Element MessageCanvas found at x:640 y:360 mobileY:360
Waiting for element MessageCanvas to have text Get lost!
Waiting for element MessageCanvas...
Element MessageCanvas found at x:640 y:360 mobileY:360
Waiting for element MessageCanvas to have text Get lost!
Waiting for element MessageCanvas...
Element MessageCanvas found at x:640 y:360 mobileY:360
Waiting for element MessageCanvas to have text Get lost!
Waiting for element MessageCanvas...
Element MessageCanvas found at x:640 y:360 mobileY:360
Waiting for element MessageCanvas to have text Get lost!
Waiting for element MessageCanvas...
Element MessageCanvas found at x:640 y:360 mobileY:360
Waiting for element MessageCanvas to have text Get lost!
Waiting for element MessageCanvas...
Element MessageCanvas found at x:640 y:360 mobileY:360
Element PictureInteractable found at x:416 y:566 mobileY:154
Waiting for element MessageCanvas to have text He looks pretty trustworthy.
Waiting for element MessageCanvas...
Element MessageCanvas found at x:640 y:360 mobileY:360
Waiting for element MessageCanvas to have text He looks pretty trustworthy.
Waiting for element MessageCanvas...
Element MessageCanvas found at x:640 y:360 mobileY:360
Waiting for element MessageCanvas to have text He looks pretty trustworthy.
Waiting for element MessageCanvas...
Element MessageCanvas found at x:640 y:360 mobileY:360
Waiting for element MessageCanvas to have text He looks pretty trustworthy.
Waiting for element MessageCanvas...
Element MessageCanvas found at x:640 y:360 mobileY:360
Waiting for element MessageCanvas to have text He looks pretty trustworthy.
Waiting for element MessageCanvas...
Element MessageCanvas found at x:640 y:360 mobileY:360
Element LaserGridInteractable found at x:1036 y:422 mobileY:298
Waiting for element MessageCanvas to have text ACCESS DENIED!
Waiting for element MessageCanvas...
Element MessageCanvas found at x:640 y:360 mobileY:360
Waiting for element MessageCanvas to have text ACCESS DENIED!
Waiting for element MessageCanvas...
Element MessageCanvas found at x:640 y:360 mobileY:360
Waiting for element MessageCanvas to have text ACCESS DENIED!
Waiting for element MessageCanvas...
Element MessageCanvas found at x:640 y:360 mobileY:360
Waiting for element MessageCanvas to have text ACCESS DENIED!
Waiting for element MessageCanvas...
Element MessageCanvas found at x:640 y:360 mobileY:360
Waiting for element MessageCanvas to have text ACCESS DENIED!
Waiting for element MessageCanvas...
Element MessageCanvas found at x:640 y:360 mobileY:360
Waiting for element MessageCanvas to have text ACCESS DENIED!
Waiting for element MessageCanvas...
Element MessageCanvas found at x:640 y:360 mobileY:360
Waiting for element MessageCanvas to have text ACCESS DENIED!
Waiting for element MessageCanvas...
Element MessageCanvas found at x:640 y:360 mobileY:360
Waiting for element MessageCanvas to have text ACCESS DENIED!
Waiting for element MessageCanvas...
Element MessageCanvas found at x:640 y:360 mobileY:360
Waiting for element MessageCanvas to have text ACCESS DENIED!
Waiting for element MessageCanvas...
Element MessageCanvas found at x:640 y:360 mobileY:360
Waiting for element MessageCanvas to have text ACCESS DENIED!
Waiting for element MessageCanvas...
Element MessageCanvas found at x:640 y:360 mobileY:360
Element DoorToMarketStartingPosition found at x:149 y:236 mobileY:484
Waiting for scene to be Market...
Current scene is SecurityRoom
Waiting for scene to be Market...
Current scene is SecurityRoom
Waiting for scene to be Market...
Current scene is SecurityRoom
Waiting for scene to be Market...
Current scene is SecurityRoom
Waiting for scene to be Market...
Current scene is SecurityRoom
Waiting for scene to be Market...
Current scene is SecurityRoom
Waiting for scene to be Market...
Current scene is SecurityRoom
Waiting for scene to be Market...
Current scene is Persistent
Waiting for scene to be Market...
Current scene is Persistent
Waiting for scene to be Market...
Current scene is Persistent
Waiting for scene to be Market...
Current scene is Market
Waiting for element Player...
Element Player found at x:640 y:188 mobileY:532
Waiting for element BirdInteractable...
Element BirdInteractable found at x:8290 y:2875 mobileY:-2155
]]>	</system-out>
	<system-err>
<![CDATA[]]>	</system-err>
</testsuite>
