<?xml version="1.0" encoding="UTF-8"?>
<testsuite errors="1" failures="0" name="SampleAppiumTest-20180401210715" skipped="0" tests="3" time="41.065" timestamp="2018-04-01T21:08:39">
	<testcase classname="SampleAppiumTest" name="test01_check_security_room_loaded" time="3.980" timestamp="2018-04-01T21:08:02"/>
	<testcase classname="SampleAppiumTest" name="test02_check_interaction_in_security_room" time="20.061" timestamp="2018-04-01T21:08:22"/>
	<testcase classname="SampleAppiumTest" name="test03_check_market_loaded" time="17.024" timestamp="2018-04-01T21:08:39">
		<error message="global name 'messageCanvasText' is not defined" type="NameError">
<![CDATA[Traceback (most recent call last):
  File "c:/Users/Public/Documents/Unity Projects/Test/Byjus/Test.py", line 66, in test03_check_market_loaded
    self.altdriver.wait_for_element_with_text(messageCanvasText, "No more coins...")
NameError: global name 'messageCanvasText' is not defined

Stdout:
Element DoorToMarketStartingPosition found at x:149 y:236 mobileY:484
Waiting for scene to be Market...
Current scene is SecurityRoom
Waiting for scene to be Market...
Current scene is SecurityRoom
Waiting for scene to be Market...
Current scene is SecurityRoom
Waiting for scene to be Market...
Current scene is SecurityRoom
Waiting for scene to be Market...
Current scene is SecurityRoom
Waiting for scene to be Market...
Current scene is SecurityRoom
Waiting for scene to be Market...
Current scene is SecurityRoom
Waiting for scene to be Market...
Current scene is Persistent
Waiting for scene to be Market...
Current scene is Persistent
Waiting for scene to be Market...
Current scene is Persistent
Waiting for scene to be Market...
Current scene is Market
Waiting for element Player...
Element Player found at x:640 y:188 mobileY:532
Waiting for element CoinInteractable...
Element CoinInteractable found at x:21 y:255 mobileY:465
Waiting for element PickedUpCoinReaction...
Element PickedUpCoinReaction found at x:38 y:201 mobileY:519
]]>		</error>
	</testcase>
	<system-out>
<![CDATA[Waiting for scene to be SecurityRoom...
Current scene is SecurityRoom
Waiting for element Player...
Element Player found at x:149 y:237 mobileY:483
Element GuardInteractable found at x:769 y:436 mobileY:284
Waiting for element MessageCanvas to have text Get lost!
Waiting for element MessageCanvas...
Element MessageCanvas found at x:640 y:360 mobileY:360
Waiting for element MessageCanvas to have text Get lost!
Waiting for element MessageCanvas...
Element MessageCanvas found at x:640 y:360 mobileY:360
Waiting for element MessageCanvas to have text Get lost!
Waiting for element MessageCanvas...
Element MessageCanvas found at x:640 y:360 mobileY:360
Waiting for element MessageCanvas to have text Get lost!
Waiting for element MessageCanvas...
Element MessageCanvas found at x:640 y:360 mobileY:360
Waiting for element MessageCanvas to have text Get lost!
Waiting for element MessageCanvas...
Element MessageCanvas found at x:640 y:360 mobileY:360
Waiting for element MessageCanvas to have text Get lost!
Waiting for element MessageCanvas...
Element MessageCanvas found at x:640 y:360 mobileY:360
Waiting for element MessageCanvas to have text Get lost!
Waiting for element MessageCanvas...
Element MessageCanvas found at x:640 y:360 mobileY:360
Waiting for element MessageCanvas to have text Get lost!
Waiting for element MessageCanvas...
Element MessageCanvas found at x:640 y:360 mobileY:360
Element PictureInteractable found at x:416 y:566 mobileY:154
Waiting for element MessageCanvas to have text He looks pretty trustworthy.
Waiting for element MessageCanvas...
Element MessageCanvas found at x:640 y:360 mobileY:360
Waiting for element MessageCanvas to have text He looks pretty trustworthy.
Waiting for element MessageCanvas...
Element MessageCanvas found at x:640 y:360 mobileY:360
Waiting for element MessageCanvas to have text He looks pretty trustworthy.
Waiting for element MessageCanvas...
Element MessageCanvas found at x:640 y:360 mobileY:360
Waiting for element MessageCanvas to have text He looks pretty trustworthy.
Waiting for element MessageCanvas...
Element MessageCanvas found at x:640 y:360 mobileY:360
Waiting for element MessageCanvas to have text He looks pretty trustworthy.
Waiting for element MessageCanvas...
Element MessageCanvas found at x:640 y:360 mobileY:360
Element LaserGridInteractable found at x:1036 y:422 mobileY:298
Waiting for element MessageCanvas to have text ACCESS DENIED!
Waiting for element MessageCanvas...
Element MessageCanvas found at x:640 y:360 mobileY:360
Waiting for element MessageCanvas to have text ACCESS DENIED!
Waiting for element MessageCanvas...
Element MessageCanvas found at x:640 y:360 mobileY:360
Waiting for element MessageCanvas to have text ACCESS DENIED!
Waiting for element MessageCanvas...
Element MessageCanvas found at x:640 y:360 mobileY:360
Waiting for element MessageCanvas to have text ACCESS DENIED!
Waiting for element MessageCanvas...
Element MessageCanvas found at x:640 y:360 mobileY:360
Waiting for element MessageCanvas to have text ACCESS DENIED!
Waiting for element MessageCanvas...
Element MessageCanvas found at x:640 y:360 mobileY:360
Waiting for element MessageCanvas to have text ACCESS DENIED!
Waiting for element MessageCanvas...
Element MessageCanvas found at x:640 y:360 mobileY:360
Waiting for element MessageCanvas to have text ACCESS DENIED!
Waiting for element MessageCanvas...
Element MessageCanvas found at x:640 y:360 mobileY:360
Waiting for element MessageCanvas to have text ACCESS DENIED!
Waiting for element MessageCanvas...
Element MessageCanvas found at x:640 y:360 mobileY:360
Waiting for element MessageCanvas to have text ACCESS DENIED!
Waiting for element MessageCanvas...
Element MessageCanvas found at x:640 y:360 mobileY:360
Waiting for element MessageCanvas to have text ACCESS DENIED!
Waiting for element MessageCanvas...
Element MessageCanvas found at x:640 y:360 mobileY:360
Element DoorToMarketStartingPosition found at x:149 y:236 mobileY:484
Waiting for scene to be Market...
Current scene is SecurityRoom
Waiting for scene to be Market...
Current scene is SecurityRoom
Waiting for scene to be Market...
Current scene is SecurityRoom
Waiting for scene to be Market...
Current scene is SecurityRoom
Waiting for scene to be Market...
Current scene is SecurityRoom
Waiting for scene to be Market...
Current scene is SecurityRoom
Waiting for scene to be Market...
Current scene is SecurityRoom
Waiting for scene to be Market...
Current scene is Persistent
Waiting for scene to be Market...
Current scene is Persistent
Waiting for scene to be Market...
Current scene is Persistent
Waiting for scene to be Market...
Current scene is Market
Waiting for element Player...
Element Player found at x:640 y:188 mobileY:532
Waiting for element CoinInteractable...
Element CoinInteractable found at x:21 y:255 mobileY:465
Waiting for element PickedUpCoinReaction...
Element PickedUpCoinReaction found at x:38 y:201 mobileY:519
]]>	</system-out>
	<system-err>
<![CDATA[]]>	</system-err>
</testsuite>
