<?xml version="1.0" encoding="UTF-8"?>
<testsuite errors="0" failures="1" name="SampleAppiumTest-20180401224546" skipped="0" tests="3" time="65.815" timestamp="2018-04-01T22:47:36">
	<testcase classname="SampleAppiumTest" name="test01_check_security_room_loaded" time="4.152" timestamp="2018-04-01T22:46:34"/>
	<testcase classname="SampleAppiumTest" name="test02_check_interaction_in_security_room" time="22.356" timestamp="2018-04-01T22:46:57"/>
	<testcase classname="SampleAppiumTest" name="test03_check_market_loaded" time="39.307" timestamp="2018-04-01T22:47:36">
		<failure message="Element MessageCanvas should have text `Oh! A coin!` but has `` after 20 seconds" type="AssertionError">
<![CDATA[Traceback (most recent call last):
  File "c:/Users/Public/Documents/Unity Projects/Test/Byjus/Test.py", line 67, in test03_check_market_loaded
    self.altdriver.wait_for_element_with_text(messageCanvasText, "Oh! A coin!")
  File "C:\Python27\lib\site-packages\altunityrunner\runner.py", line 263, in wait_for_element_with_text
    assert alt_element.text == text, 'Element ' + name + ' should have text `' + text + '` but has `' + alt_element.text + '` after ' + str(timeout) + ' seconds'
AssertionError: Element MessageCanvas should have text `Oh! A coin!` but has `` after 20 seconds

Stdout:
Element DoorToMarketStartingPosition found at x:149 y:236 mobileY:484
Waiting for scene to be Market...
Current scene is SecurityRoom
Waiting for scene to be Market...
Current scene is SecurityRoom
Waiting for scene to be Market...
Current scene is SecurityRoom
Waiting for scene to be Market...
Current scene is SecurityRoom
Waiting for scene to be Market...
Current scene is SecurityRoom
Waiting for scene to be Market...
Current scene is SecurityRoom
Waiting for scene to be Market...
Current scene is SecurityRoom
Waiting for scene to be Market...
Current scene is Persistent
Waiting for scene to be Market...
Current scene is Persistent
Waiting for scene to be Market...
Current scene is Persistent
Waiting for scene to be Market...
Current scene is Market
Waiting for element Player...
Element Player found at x:640 y:188 mobileY:532
Waiting for element CoinInteractable...
Element CoinInteractable found at x:21 y:255 mobileY:465
Waiting for element MessageCanvas to have text Oh! A coin!
Waiting for element MessageCanvas...
Element MessageCanvas found at x:640 y:360 mobileY:360
Waiting for element MessageCanvas to have text Oh! A coin!
Waiting for element MessageCanvas...
Element MessageCanvas found at x:640 y:360 mobileY:360
Waiting for element MessageCanvas to have text Oh! A coin!
Waiting for element MessageCanvas...
Element MessageCanvas found at x:640 y:360 mobileY:360
Waiting for element MessageCanvas to have text Oh! A coin!
Waiting for element MessageCanvas...
Element MessageCanvas found at x:640 y:360 mobileY:360
Waiting for element MessageCanvas to have text Oh! A coin!
Waiting for element MessageCanvas...
Element MessageCanvas found at x:640 y:360 mobileY:360
Waiting for element MessageCanvas to have text Oh! A coin!
Waiting for element MessageCanvas...
Element MessageCanvas found at x:640 y:360 mobileY:360
Waiting for element MessageCanvas to have text Oh! A coin!
Waiting for element MessageCanvas...
Element MessageCanvas found at x:640 y:360 mobileY:360
Waiting for element MessageCanvas to have text Oh! A coin!
Waiting for element MessageCanvas...
Element MessageCanvas found at x:640 y:360 mobileY:360
Waiting for element MessageCanvas to have text Oh! A coin!
Waiting for element MessageCanvas...
Element MessageCanvas found at x:640 y:360 mobileY:360
Waiting for element MessageCanvas to have text Oh! A coin!
Waiting for element MessageCanvas...
Element MessageCanvas found at x:640 y:360 mobileY:360
Waiting for element MessageCanvas to have text Oh! A coin!
Waiting for element MessageCanvas...
Element MessageCanvas found at x:640 y:360 mobileY:360
Waiting for element MessageCanvas to have text Oh! A coin!
Waiting for element MessageCanvas...
Element MessageCanvas found at x:640 y:360 mobileY:360
Waiting for element MessageCanvas to have text Oh! A coin!
Waiting for element MessageCanvas...
Element MessageCanvas found at x:640 y:360 mobileY:360
Waiting for element MessageCanvas to have text Oh! A coin!
Waiting for element MessageCanvas...
Element MessageCanvas found at x:640 y:360 mobileY:360
Waiting for element MessageCanvas to have text Oh! A coin!
Waiting for element MessageCanvas...
Element MessageCanvas found at x:640 y:360 mobileY:360
Waiting for element MessageCanvas to have text Oh! A coin!
Waiting for element MessageCanvas...
Element MessageCanvas found at x:640 y:360 mobileY:360
Waiting for element MessageCanvas to have text Oh! A coin!
Waiting for element MessageCanvas...
Element MessageCanvas found at x:640 y:360 mobileY:360
Waiting for element MessageCanvas to have text Oh! A coin!
Waiting for element MessageCanvas...
Element MessageCanvas found at x:640 y:360 mobileY:360
Waiting for element MessageCanvas to have text Oh! A coin!
Waiting for element MessageCanvas...
Element MessageCanvas found at x:640 y:360 mobileY:360
Waiting for element MessageCanvas to have text Oh! A coin!
Waiting for element MessageCanvas...
Element MessageCanvas found at x:640 y:360 mobileY:360
Waiting for element MessageCanvas to have text Oh! A coin!
Waiting for element MessageCanvas...
Element MessageCanvas found at x:640 y:360 mobileY:360
Waiting for element MessageCanvas to have text Oh! A coin!
Waiting for element MessageCanvas...
Element MessageCanvas found at x:640 y:360 mobileY:360
Waiting for element MessageCanvas to have text Oh! A coin!
Waiting for element MessageCanvas...
Element MessageCanvas found at x:640 y:360 mobileY:360
Waiting for element MessageCanvas to have text Oh! A coin!
Waiting for element MessageCanvas...
Element MessageCanvas found at x:640 y:360 mobileY:360
Waiting for element MessageCanvas to have text Oh! A coin!
Waiting for element MessageCanvas...
Element MessageCanvas found at x:640 y:360 mobileY:360
Waiting for element MessageCanvas to have text Oh! A coin!
Waiting for element MessageCanvas...
Element MessageCanvas found at x:640 y:360 mobileY:360
Waiting for element MessageCanvas to have text Oh! A coin!
Waiting for element MessageCanvas...
Element MessageCanvas found at x:640 y:360 mobileY:360
Waiting for element MessageCanvas to have text Oh! A coin!
Waiting for element MessageCanvas...
Element MessageCanvas found at x:640 y:360 mobileY:360
Waiting for element MessageCanvas to have text Oh! A coin!
Waiting for element MessageCanvas...
Element MessageCanvas found at x:640 y:360 mobileY:360
Waiting for element MessageCanvas to have text Oh! A coin!
Waiting for element MessageCanvas...
Element MessageCanvas found at x:640 y:360 mobileY:360
Waiting for element MessageCanvas to have text Oh! A coin!
Waiting for element MessageCanvas...
Element MessageCanvas found at x:640 y:360 mobileY:360
Waiting for element MessageCanvas to have text Oh! A coin!
Waiting for element MessageCanvas...
Element MessageCanvas found at x:640 y:360 mobileY:360
Waiting for element MessageCanvas to have text Oh! A coin!
Waiting for element MessageCanvas...
Element MessageCanvas found at x:640 y:360 mobileY:360
Waiting for element MessageCanvas to have text Oh! A coin!
Waiting for element MessageCanvas...
Element MessageCanvas found at x:640 y:360 mobileY:360
Waiting for element MessageCanvas to have text Oh! A coin!
Waiting for element MessageCanvas...
Element MessageCanvas found at x:640 y:360 mobileY:360
Waiting for element MessageCanvas to have text Oh! A coin!
Waiting for element MessageCanvas...
Element MessageCanvas found at x:640 y:360 mobileY:360
Waiting for element MessageCanvas to have text Oh! A coin!
Waiting for element MessageCanvas...
Element MessageCanvas found at x:640 y:360 mobileY:360
Waiting for element MessageCanvas to have text Oh! A coin!
Waiting for element MessageCanvas...
Element MessageCanvas found at x:640 y:360 mobileY:360
Waiting for element MessageCanvas to have text Oh! A coin!
Waiting for element MessageCanvas...
Element MessageCanvas found at x:640 y:360 mobileY:360
Waiting for element MessageCanvas to have text Oh! A coin!
Waiting for element MessageCanvas...
Element MessageCanvas found at x:640 y:360 mobileY:360
Waiting for element MessageCanvas to have text Oh! A coin!
Waiting for element MessageCanvas...
Element MessageCanvas found at x:640 y:360 mobileY:360
]]>		</failure>
	</testcase>
	<system-out>
<![CDATA[Waiting for scene to be SecurityRoom...
Current scene is SecurityRoom
Waiting for element Player...
Element Player found at x:149 y:237 mobileY:483
Element GuardInteractable found at x:769 y:436 mobileY:284
Waiting for element MessageCanvas to have text Get lost!
Waiting for element MessageCanvas...
Element MessageCanvas found at x:640 y:360 mobileY:360
Waiting for element MessageCanvas to have text Get lost!
Waiting for element MessageCanvas...
Element MessageCanvas found at x:640 y:360 mobileY:360
Waiting for element MessageCanvas to have text Get lost!
Waiting for element MessageCanvas...
Element MessageCanvas found at x:640 y:360 mobileY:360
Waiting for element MessageCanvas to have text Get lost!
Waiting for element MessageCanvas...
Element MessageCanvas found at x:640 y:360 mobileY:360
Waiting for element MessageCanvas to have text Get lost!
Waiting for element MessageCanvas...
Element MessageCanvas found at x:640 y:360 mobileY:360
Waiting for element MessageCanvas to have text Get lost!
Waiting for element MessageCanvas...
Element MessageCanvas found at x:640 y:360 mobileY:360
Waiting for element MessageCanvas to have text Get lost!
Waiting for element MessageCanvas...
Element MessageCanvas found at x:640 y:360 mobileY:360
Waiting for element MessageCanvas to have text Get lost!
Waiting for element MessageCanvas...
Element MessageCanvas found at x:640 y:360 mobileY:360
Element PictureInteractable found at x:416 y:566 mobileY:154
Waiting for element MessageCanvas to have text He looks pretty trustworthy.
Waiting for element MessageCanvas...
Element MessageCanvas found at x:640 y:360 mobileY:360
Waiting for element MessageCanvas to have text He looks pretty trustworthy.
Waiting for element MessageCanvas...
Element MessageCanvas found at x:640 y:360 mobileY:360
Waiting for element MessageCanvas to have text He looks pretty trustworthy.
Waiting for element MessageCanvas...
Element MessageCanvas found at x:640 y:360 mobileY:360
Waiting for element MessageCanvas to have text He looks pretty trustworthy.
Waiting for element MessageCanvas...
Element MessageCanvas found at x:640 y:360 mobileY:360
Waiting for element MessageCanvas to have text He looks pretty trustworthy.
Waiting for element MessageCanvas...
Element MessageCanvas found at x:640 y:360 mobileY:360
Element LaserGridInteractable found at x:1036 y:422 mobileY:298
Waiting for element MessageCanvas to have text ACCESS DENIED!
Waiting for element MessageCanvas...
Element MessageCanvas found at x:640 y:360 mobileY:360
Waiting for element MessageCanvas to have text ACCESS DENIED!
Waiting for element MessageCanvas...
Element MessageCanvas found at x:640 y:360 mobileY:360
Waiting for element MessageCanvas to have text ACCESS DENIED!
Waiting for element MessageCanvas...
Element MessageCanvas found at x:640 y:360 mobileY:360
Waiting for element MessageCanvas to have text ACCESS DENIED!
Waiting for element MessageCanvas...
Element MessageCanvas found at x:640 y:360 mobileY:360
Waiting for element MessageCanvas to have text ACCESS DENIED!
Waiting for element MessageCanvas...
Element MessageCanvas found at x:640 y:360 mobileY:360
Waiting for element MessageCanvas to have text ACCESS DENIED!
Waiting for element MessageCanvas...
Element MessageCanvas found at x:640 y:360 mobileY:360
Waiting for element MessageCanvas to have text ACCESS DENIED!
Waiting for element MessageCanvas...
Element MessageCanvas found at x:640 y:360 mobileY:360
Waiting for element MessageCanvas to have text ACCESS DENIED!
Waiting for element MessageCanvas...
Element MessageCanvas found at x:640 y:360 mobileY:360
Waiting for element MessageCanvas to have text ACCESS DENIED!
Waiting for element MessageCanvas...
Element MessageCanvas found at x:640 y:360 mobileY:360
Waiting for element MessageCanvas to have text ACCESS DENIED!
Waiting for element MessageCanvas...
Element MessageCanvas found at x:640 y:360 mobileY:360
Element DoorToMarketStartingPosition found at x:149 y:236 mobileY:484
Waiting for scene to be Market...
Current scene is SecurityRoom
Waiting for scene to be Market...
Current scene is SecurityRoom
Waiting for scene to be Market...
Current scene is SecurityRoom
Waiting for scene to be Market...
Current scene is SecurityRoom
Waiting for scene to be Market...
Current scene is SecurityRoom
Waiting for scene to be Market...
Current scene is SecurityRoom
Waiting for scene to be Market...
Current scene is SecurityRoom
Waiting for scene to be Market...
Current scene is Persistent
Waiting for scene to be Market...
Current scene is Persistent
Waiting for scene to be Market...
Current scene is Persistent
Waiting for scene to be Market...
Current scene is Market
Waiting for element Player...
Element Player found at x:640 y:188 mobileY:532
Waiting for element CoinInteractable...
Element CoinInteractable found at x:21 y:255 mobileY:465
Waiting for element MessageCanvas to have text Oh! A coin!
Waiting for element MessageCanvas...
Element MessageCanvas found at x:640 y:360 mobileY:360
Waiting for element MessageCanvas to have text Oh! A coin!
Waiting for element MessageCanvas...
Element MessageCanvas found at x:640 y:360 mobileY:360
Waiting for element MessageCanvas to have text Oh! A coin!
Waiting for element MessageCanvas...
Element MessageCanvas found at x:640 y:360 mobileY:360
Waiting for element MessageCanvas to have text Oh! A coin!
Waiting for element MessageCanvas...
Element MessageCanvas found at x:640 y:360 mobileY:360
Waiting for element MessageCanvas to have text Oh! A coin!
Waiting for element MessageCanvas...
Element MessageCanvas found at x:640 y:360 mobileY:360
Waiting for element MessageCanvas to have text Oh! A coin!
Waiting for element MessageCanvas...
Element MessageCanvas found at x:640 y:360 mobileY:360
Waiting for element MessageCanvas to have text Oh! A coin!
Waiting for element MessageCanvas...
Element MessageCanvas found at x:640 y:360 mobileY:360
Waiting for element MessageCanvas to have text Oh! A coin!
Waiting for element MessageCanvas...
Element MessageCanvas found at x:640 y:360 mobileY:360
Waiting for element MessageCanvas to have text Oh! A coin!
Waiting for element MessageCanvas...
Element MessageCanvas found at x:640 y:360 mobileY:360
Waiting for element MessageCanvas to have text Oh! A coin!
Waiting for element MessageCanvas...
Element MessageCanvas found at x:640 y:360 mobileY:360
Waiting for element MessageCanvas to have text Oh! A coin!
Waiting for element MessageCanvas...
Element MessageCanvas found at x:640 y:360 mobileY:360
Waiting for element MessageCanvas to have text Oh! A coin!
Waiting for element MessageCanvas...
Element MessageCanvas found at x:640 y:360 mobileY:360
Waiting for element MessageCanvas to have text Oh! A coin!
Waiting for element MessageCanvas...
Element MessageCanvas found at x:640 y:360 mobileY:360
Waiting for element MessageCanvas to have text Oh! A coin!
Waiting for element MessageCanvas...
Element MessageCanvas found at x:640 y:360 mobileY:360
Waiting for element MessageCanvas to have text Oh! A coin!
Waiting for element MessageCanvas...
Element MessageCanvas found at x:640 y:360 mobileY:360
Waiting for element MessageCanvas to have text Oh! A coin!
Waiting for element MessageCanvas...
Element MessageCanvas found at x:640 y:360 mobileY:360
Waiting for element MessageCanvas to have text Oh! A coin!
Waiting for element MessageCanvas...
Element MessageCanvas found at x:640 y:360 mobileY:360
Waiting for element MessageCanvas to have text Oh! A coin!
Waiting for element MessageCanvas...
Element MessageCanvas found at x:640 y:360 mobileY:360
Waiting for element MessageCanvas to have text Oh! A coin!
Waiting for element MessageCanvas...
Element MessageCanvas found at x:640 y:360 mobileY:360
Waiting for element MessageCanvas to have text Oh! A coin!
Waiting for element MessageCanvas...
Element MessageCanvas found at x:640 y:360 mobileY:360
Waiting for element MessageCanvas to have text Oh! A coin!
Waiting for element MessageCanvas...
Element MessageCanvas found at x:640 y:360 mobileY:360
Waiting for element MessageCanvas to have text Oh! A coin!
Waiting for element MessageCanvas...
Element MessageCanvas found at x:640 y:360 mobileY:360
Waiting for element MessageCanvas to have text Oh! A coin!
Waiting for element MessageCanvas...
Element MessageCanvas found at x:640 y:360 mobileY:360
Waiting for element MessageCanvas to have text Oh! A coin!
Waiting for element MessageCanvas...
Element MessageCanvas found at x:640 y:360 mobileY:360
Waiting for element MessageCanvas to have text Oh! A coin!
Waiting for element MessageCanvas...
Element MessageCanvas found at x:640 y:360 mobileY:360
Waiting for element MessageCanvas to have text Oh! A coin!
Waiting for element MessageCanvas...
Element MessageCanvas found at x:640 y:360 mobileY:360
Waiting for element MessageCanvas to have text Oh! A coin!
Waiting for element MessageCanvas...
Element MessageCanvas found at x:640 y:360 mobileY:360
Waiting for element MessageCanvas to have text Oh! A coin!
Waiting for element MessageCanvas...
Element MessageCanvas found at x:640 y:360 mobileY:360
Waiting for element MessageCanvas to have text Oh! A coin!
Waiting for element MessageCanvas...
Element MessageCanvas found at x:640 y:360 mobileY:360
Waiting for element MessageCanvas to have text Oh! A coin!
Waiting for element MessageCanvas...
Element MessageCanvas found at x:640 y:360 mobileY:360
Waiting for element MessageCanvas to have text Oh! A coin!
Waiting for element MessageCanvas...
Element MessageCanvas found at x:640 y:360 mobileY:360
Waiting for element MessageCanvas to have text Oh! A coin!
Waiting for element MessageCanvas...
Element MessageCanvas found at x:640 y:360 mobileY:360
Waiting for element MessageCanvas to have text Oh! A coin!
Waiting for element MessageCanvas...
Element MessageCanvas found at x:640 y:360 mobileY:360
Waiting for element MessageCanvas to have text Oh! A coin!
Waiting for element MessageCanvas...
Element MessageCanvas found at x:640 y:360 mobileY:360
Waiting for element MessageCanvas to have text Oh! A coin!
Waiting for element MessageCanvas...
Element MessageCanvas found at x:640 y:360 mobileY:360
Waiting for element MessageCanvas to have text Oh! A coin!
Waiting for element MessageCanvas...
Element MessageCanvas found at x:640 y:360 mobileY:360
Waiting for element MessageCanvas to have text Oh! A coin!
Waiting for element MessageCanvas...
Element MessageCanvas found at x:640 y:360 mobileY:360
Waiting for element MessageCanvas to have text Oh! A coin!
Waiting for element MessageCanvas...
Element MessageCanvas found at x:640 y:360 mobileY:360
Waiting for element MessageCanvas to have text Oh! A coin!
Waiting for element MessageCanvas...
Element MessageCanvas found at x:640 y:360 mobileY:360
Waiting for element MessageCanvas to have text Oh! A coin!
Waiting for element MessageCanvas...
Element MessageCanvas found at x:640 y:360 mobileY:360
Waiting for element MessageCanvas to have text Oh! A coin!
Waiting for element MessageCanvas...
Element MessageCanvas found at x:640 y:360 mobileY:360
]]>	</system-out>
	<system-err>
<![CDATA[]]>	</system-err>
</testsuite>
